<?xml version="1.0" encoding="UTF-8"?>
<testsuite xmlns:xsi="http://www.w3.org/2001/XMLSchema-instance" xsi:noNamespaceSchemaLocation="https://maven.apache.org/surefire/maven-surefire-plugin/xsd/surefire-test-report.xsd" name="PostCreateUserTest" time="30.343" tests="13" errors="0" skipped="0" failures="5">
  <properties>
[...]
</properties>
  <testcase name="UnSuccessfulRegistrationInvalidDataGenerate_magic_link" classname="PostCreateUserTest" time="1.557"/>
  <testcase name="UnSuccessfulRegistrationInvalidEmail" classname="PostCreateUserTest" time="4.038"/>
  <testcase name="UnSuccessfulRegistrationWithTrueGenerate_magic_link" classname="PostCreateUserTest" time="4.861"/>
  <testcase name="unsuccessfulRegistrationWithOutContentType" classname="PostCreateUserTest" time="1.926">
    <failure message="1 expectation failed.&#10;Expected status code &lt;400&gt; but was &lt;201&gt;.&#10;" type="java.lang.AssertionError"><![CDATA[java.lang.AssertionError: 
1 expectation failed.
Expected status code <400> but was <201>.

	at PostCreateUserTest.unsuccessfulRegistrationWithOutContentType(PostCreateUserTest.java:321)
]]></failure>
    <system-out><![CDATA[Request method:	POST
Request URI:	https://studio-api.softr.io/v1/api/users
Proxy:			<none>
Request params:	<none>
Query params:	<none>
Form params:	<none>
Path params:	<none>
Headers:		Softr-Api-Key=khIbAyJIU5CIuh1oDuBRx1s49
				Softr-Domain=jere237.softr.app
				Accept=*/*
				Content-Type=application/json
Cookies:		<none>
Multiparts:		<none>
Body:
{
    "full_name": "Vlad Teacher",
    "email": "78df4df3-814c-499e-9762-3b3d28d49a45@example.com",
    "password": "125halo125",
    "generate_magic_link": "false"
}
]]></system-out>
  </testcase>
  <testcase name="successfulRegistration" classname="PostCreateUserTest" time="1.549"/>
  <testcase name="unsuccessfulRegistrationWithOutSoftrApiKey" classname="PostCreateUserTest" time="1.44">
    <failure message="1 expectation failed.&#10;Expected status code &lt;401&gt; but was &lt;201&gt;.&#10;" type="java.lang.AssertionError"><![CDATA[java.lang.AssertionError: 
1 expectation failed.
Expected status code <401> but was <201>.

	at PostCreateUserTest.unsuccessfulRegistrationWithOutSoftrApiKey(PostCreateUserTest.java:283)
]]></failure>
    <system-out><![CDATA[Request method:	POST
Request URI:	https://studio-api.softr.io/v1/api/users
Proxy:			<none>
Request params:	<none>
Query params:	<none>
Form params:	<none>
Path params:	<none>
Headers:		Softr-Api-Key=khIbAyJIU5CIuh1oDuBRx1s49
				Softr-Domain=jere237.softr.app
				Accept=*/*
				Content-Type=application/json
Cookies:		<none>
Multiparts:		<none>
Body:
{
    "full_name": "Vlad Teacher",
    "email": "78df4df3-814c-499e-9762-3b3d28d49a45@example.com",
    "password": "125halo125",
    "generate_magic_link": "false"
}
]]></system-out>
  </testcase>
  <testcase name="unsuccessfulRegistrationWithOutSoftrDomain" classname="PostCreateUserTest" time="1.538">
    <failure message="1 expectation failed.&#10;Expected status code &lt;400&gt; but was &lt;201&gt;.&#10;" type="java.lang.AssertionError"><![CDATA[java.lang.AssertionError: 
1 expectation failed.
Expected status code <400> but was <201>.

	at PostCreateUserTest.unsuccessfulRegistrationWithOutSoftrDomain(PostCreateUserTest.java:302)
]]></failure>
    <system-out><![CDATA[Request method:	POST
Request URI:	https://studio-api.softr.io/v1/api/users
Proxy:			<none>
Request params:	<none>
Query params:	<none>
Form params:	<none>
Path params:	<none>
Headers:		Softr-Api-Key=khIbAyJIU5CIuh1oDuBRx1s49
				Softr-Domain=jere237.softr.app
				Accept=*/*
				Content-Type=application/json
Cookies:		<none>
Multiparts:		<none>
Body:
{
    "full_name": "Vlad Teacher",
    "email": "78df4df3-814c-499e-9762-3b3d28d49a45@example.com",
    "password": "125halo125",
    "generate_magic_link": "false"
}
]]></system-out>
  </testcase>
  <testcase name="UnSuccessfulRegistrationWithOutPassword" classname="PostCreateUserTest" time="4.709"/>
  <testcase name="UnSuccessfulRegistrationWithOutFullName" classname="PostCreateUserTest" time="3.753"/>
  <testcase name="UnSuccessfulRegistrationWithOutGenerate_magic_link" classname="PostCreateUserTest" time="1.582"/>
  <testcase name="UnSuccessfulRegistrationWithOutEmail" classname="PostCreateUserTest" time="1.018"/>
  <testcase name="unsuccessfulRegistrationWithMethodGet" classname="PostCreateUserTest" time="1.757">
    <failure message="1 expectation failed.&#10;Expected status code &lt;405&gt; but was &lt;200&gt;.&#10;" type="java.lang.AssertionError"><![CDATA[java.lang.AssertionError: 
1 expectation failed.
Expected status code <405> but was <200>.

	at PostCreateUserTest.unsuccessfulRegistrationWithMethodGet(PostCreateUserTest.java:265)
]]></failure>
    <system-out><![CDATA[Request method:	GET
Request URI:	https://studio-api.softr.io/v1/api/users
Proxy:			<none>
Request params:	<none>
Query params:	<none>
Form params:	<none>
Path params:	<none>
Headers:		Softr-Api-Key=khIbAyJIU5CIuh1oDuBRx1s49
				Softr-Domain=jere237.softr.app
				Accept=*/*
				Content-Type=application/json
Cookies:		<none>
Multiparts:		<none>
Body:
{
    "full_name": "Vlad Teacher",
    "email": "78df4df3-814c-499e-9762-3b3d28d49a45@example.com",
    "password": "125halo125",
    "generate_magic_link": "false"
}
]]></system-out>
  </testcase>
  <testcase name="successfulCreateUser" classname="PostCreateUserTest" time="0.61">
    <failure message="1 expectation failed.&#10;Expected status code &lt;405&gt; but was &lt;409&gt;.&#10;" type="java.lang.AssertionError"><![CDATA[java.lang.AssertionError: 
1 expectation failed.
Expected status code <405> but was <409>.

	at PostCreateUserTest.successfulCreateUser(PostCreateUserTest.java:56)
]]></failure>
    <system-out><![CDATA[Request method:	POST
Request URI:	https://studio-api.softr.io/v1/users
Proxy:			<none>
Request params:	<none>
Query params:	<none>
Form params:	<none>
Path params:	<none>
Headers:		Softr-Api-Key=khIbAyJIU5CIuh1oDuBRx1s49
				Softr-Domain=jere237.softr.app
				Accept=*/*
				Content-Type=application/json
Cookies:		<none>
Multiparts:		<none>
Body:
{
    "full_name": "Vlad Teacher",
    "email": "78df4df3-814c-499e-9762-3b3d28d49a45@example.com",
    "password": "125halo125",
    "generate_magic_link": "false"
}
]]></system-out>
  </testcase>
</testsuite>